<?xml version="1.0" encoding="UTF-8"?>
<!-- Generated by org.testng.reporters.JUnitReportReporter -->
<testsuite hostname="HP" failures="0" tests="8" name="Tests.LogOutTest" time="30.159" errors="0" timestamp="2025-05-25T21:00:09 IST" skipped="0">
  <testcase classname="Tests.LogOutTest" name="ClickOnSignUp" time="4.145"/>
  <system-out/>
  <testcase classname="Tests.LogOutTest" name="testlogin" time="10.244"/>
  <system-out/>
  <testcase classname="Tests.LogOutTest" name="clickOnProduct" time="10.045"/>
  <system-out/>
  <testcase classname="Tests.LogOutTest" name="addFirstProduct" time="0.149"/>
  <system-out/>
  <testcase classname="Tests.LogOutTest" name="addSecondProduct" time="0.091"/>
  <system-out/>
  <testcase classname="Tests.LogOutTest" name="clickContinueShopping" time="0.608"/>
  <system-out/>
  <testcase classname="Tests.LogOutTest" name="clickViewCart" time="2.875"/>
  <system-out/>
  <testcase classname="Tests.LogOutTest" name="Logout" time="2.002"/>
  <system-out/>
</testsuite> <!-- Tests.LogOutTest -->
