<?xml version="1.0" encoding="UTF-8"?>
<!-- Generated by org.testng.reporters.JUnitReportReporter -->
<testsuite hostname="HP" failures="0" tests="7" name="Tests.ProductTest" time="18.151" errors="0" timestamp="2025-05-25T20:25:49 IST" skipped="0">
  <testcase classname="Tests.ProductTest" name="ClickOnSignUp" time="2.215"/>
  <system-out/>
  <testcase classname="Tests.ProductTest" name="testlogin" time="0.467"/>
  <system-out/>
  <testcase classname="Tests.ProductTest" name="clickOnProduct" time="12.790"/>
  <system-out/>
  <testcase classname="Tests.ProductTest" name="addFirstProduct" time="0.456"/>
  <system-out/>
  <testcase classname="Tests.ProductTest" name="addSecondProduct" time="0.097"/>
  <system-out/>
  <testcase classname="Tests.ProductTest" name="clickContinueShopping" time="0.720"/>
  <system-out/>
  <testcase classname="Tests.ProductTest" name="clickViewCart" time="1.406"/>
  <system-out/>
</testsuite> <!-- Tests.ProductTest -->
