<?xml version="1.0" encoding="UTF-8"?>
<!-- Generated by org.testng.reporters.JUnitReportReporter -->
<testsuite hostname="HP" failures="0" tests="8" name="Tests.LogOutTest" time="16.259" errors="0" timestamp="2025-05-28T17:57:33 IST" skipped="0">
  <testcase classname="Tests.LogOutTest" name="ClickOnSignUp" time="1.294"/>
  <system-out/>
  <testcase classname="Tests.LogOutTest" name="testlogin" time="0.223"/>
  <system-out/>
  <testcase classname="Tests.LogOutTest" name="clickOnProduct" time="9.549"/>
  <system-out/>
  <testcase classname="Tests.LogOutTest" name="addFirstProduct" time="0.137"/>
  <system-out/>
  <testcase classname="Tests.LogOutTest" name="addSecondProduct" time="0.197"/>
  <system-out/>
  <testcase classname="Tests.LogOutTest" name="clickContinueShopping" time="0.577"/>
  <system-out/>
  <testcase classname="Tests.LogOutTest" name="clickViewCart" time="2.728"/>
  <system-out/>
  <testcase classname="Tests.LogOutTest" name="Logout" time="1.554"/>
  <system-out/>
</testsuite> <!-- Tests.LogOutTest -->
