<?xml version="1.0" encoding="UTF-8"?>
<!-- Generated by org.testng.reporters.JUnitReportReporter -->
<testsuite hostname="HP" failures="0" tests="3" name="Tests.LoginTest" time="5.773" errors="0" timestamp="2025-05-24T08:57:53 IST" skipped="0">
  <testcase classname="Tests.LoginTest" name="ClickOnSignUp" time="2.894"/>
  <system-out/>
  <testcase classname="Tests.LoginTest" name="InvalidPassword" time="0.597"/>
  <system-out/>
  <testcase classname="Tests.LoginTest" name="testlogin" time="2.282"/>
  <system-out/>
</testsuite> <!-- Tests.LoginTest -->
