<?xml version="1.0" encoding="UTF-8"?>
<!-- Generated by org.testng.reporters.JUnitReportReporter -->
<testsuite hostname="HP" failures="0" tests="7" name="Tests.ProductTest" time="21.282" errors="0" timestamp="2025-06-04T14:30:23 IST" skipped="0">
  <testcase classname="Tests.ProductTest" name="ClickOnSignUp" time="1.609"/>
  <system-out/>
  <testcase classname="Tests.ProductTest" name="testlogin" time="12.015"/>
  <system-out/>
  <testcase classname="Tests.ProductTest" name="clickOnProduct" time="5.505"/>
  <system-out/>
  <testcase classname="Tests.ProductTest" name="addFirstProduct" time="0.339"/>
  <system-out/>
  <testcase classname="Tests.ProductTest" name="addSecondProduct" time="0.119"/>
  <system-out/>
  <testcase classname="Tests.ProductTest" name="clickContinueShopping" time="0.660"/>
  <system-out/>
  <testcase classname="Tests.ProductTest" name="clickViewCart" time="1.035"/>
  <system-out/>
</testsuite> <!-- Tests.ProductTest -->
